<?xml version="1.0" encoding="UTF-8"?>
<!-- Generated by org.testng.reporters.JUnitReportReporter -->
<testsuite skipped="0" hostname="MTYTM14260X2P" name="main.MainTest" tests="2" failures="0" timestamp="10 Jul 2017 20:11:02 GMT" time="0.657" errors="0">
  <testcase name="test2" time="0.019" classname="main.MainTest"/>
  <testcase name="test1" time="0.638" classname="main.MainTest"/>
</testsuite> <!-- main.MainTest -->
